<?xml version="1.0" encoding="UTF-8"?>
<testsuite name="com.prometheanworld.appium.Panel.App.CloudConnect" tests="1" skipped="0" failures="0" errors="0" timestamp="2021-12-29T06:32:18" hostname="ND-XM-LJHPC" time="75.764">
  <properties/>
  <testcase name="C83116C83132SignInAndRemovedGoogleDriveAccountTest" classname="com.prometheanworld.appium.Panel.App.CloudConnect" time="75.764"/>
  <system-out><![CDATA[2021-12-29 14:31:17.310 WARN  Test worker/BaseTestMethods: both testAppPath and testAppPackageName/testAppActivityName are empty
2021-12-29 14:31:17.311 DEBUG Test worker/DriverCacheImpl: startAppiumService
2021-12-29 14:31:18.356 DEBUG Test worker/Adb: forceStop: io.appium.uiautomator2.server
2021-12-29 14:31:33.363 DEBUG Test worker/DriverCacheImpl: startMobileDriver
2021-12-29 14:31:53.582 DEBUG Test worker/ElementHelper: waitUntilPresent(timeOut=5s,sleep=500ms): By.id: com.prometheanworld.unifiedlauncher:id/usericon
2021-12-29 14:31:59.184 DEBUG Test worker/ElementHelper: waitUntilPresent(timeOut=5s,sleep=500ms): By.id: com.prometheanworld.unifiedlauncher:id/lock_input_area
2021-12-29 14:32:05.182 INFO  Test worker/AppiumHelper: No PIN is set, enter homepage successfully
2021-12-29 14:32:05.405 DEBUG Test worker/ScreenHelper: clickAt[0.8, 0.8]: full screen
2021-12-29 14:32:06.189 WARN  Test worker/BaseTestMethods: both testAppPath and testAppPackageName/testAppActivityName are empty
2021-12-29 14:32:06.225 DEBUG Test worker/ElementHelper: waitUntilPresent(timeOut=5s,sleep=500ms): By.id: com.prometheanworld.unifiedlauncher:id/usericon
2021-12-29 14:32:12.181 DEBUG Test worker/ElementHelper: waitUntilPresent(timeOut=5s,sleep=500ms): By.id: com.prometheanworld.unifiedlauncher:id/lock_input_area
2021-12-29 14:32:18.172 INFO  Test worker/AppiumHelper: No PIN is set, enter homepage successfully
2021-12-29 14:32:18.276 DEBUG Test worker/ScreenHelper: clickAt[0.8, 0.8]: full screen
2021-12-29 14:32:18.458 DEBUG Test worker/ScreenHelper: clickAt[CENTER]: full screen
2021-12-29 14:32:18.867 INFO  Test worker/TestStatusListener: -------------Test C83116C83132SignInAndRemovedGoogleDriveAccountTest Start---------------
2021-12-29 14:32:18.868 INFO  Test worker/TestRail: Case testrail ID: C83116,C83132
2021-12-29 14:32:18.868 INFO  Test worker/TestRail: Case step: Unified menu-> Locker->Open Cloud Connect app, Click Google Drive Enter the correct account and password to confirm the login
2021-12-29 14:32:18.876 DEBUG Test worker/ScreenHelper: clickAt[0.5, 0.999]: full screen
2021-12-29 14:32:21.168 DEBUG Test worker/DriverCacheImpl: startMobileDriver
2021-12-29 14:32:30.279 INFO  Test worker/AppiumHelper: Locker: Click Locker in bottom menu successful
2021-12-29 14:32:30.280 DEBUG Test worker/ElementHelper: waitUntilPresent(timeOut=30s,sleep=500ms): By.xpath: //*[contains(@text, 'Apps')]
2021-12-29 14:32:39.251 INFO  Test worker/CommonOperator: Cloud Connect: No need to grant permissions
2021-12-29 14:32:40.251 DEBUG Test worker/ElementHelper: click: By.id: com.prometheanworld.cloudcoupler:id/google_drive_btn
2021-12-29 14:32:40.350 INFO  Test worker/AppiumHelper: Click the com.prometheanworld.cloudcoupler:id/google_drive_btn By ID successfully
2021-12-29 14:32:49.480 DEBUG Test worker/ElementHelper: click: By.xpath: //android.widget.Button[@text='Next']
2021-12-29 14:32:50.601 INFO  Test worker/AppiumHelper: Click the //android.widget.Button[@text='Next'] By Xpath successfully
2021-12-29 14:32:57.609 DEBUG Test worker/ScreenHelper: clickAt[0.8, 0.8]: full screen
2021-12-29 14:32:59.180 DEBUG Test worker/ElementHelper: click: By.xpath: //android.widget.Button[@text='Next']
2021-12-29 14:33:00.238 INFO  Test worker/AppiumHelper: Click the //android.widget.Button[@text='Next'] By Xpath successfully
2021-12-29 14:33:05.239 DEBUG Test worker/ElementHelper: click: By.xpath: //android.widget.TextView[@text='Advanced']
2021-12-29 14:33:05.585 INFO  Test worker/AppiumHelper: Click the //android.widget.TextView[@text='Advanced'] By Xpath successfully
2021-12-29 14:33:05.586 DEBUG Test worker/ElementHelper: click: By.xpath: //android.widget.TextView[@text='Go to Promethean Cloud Coupler dev (unsafe)']
2021-12-29 14:33:06.297 INFO  Test worker/AppiumHelper: Click the //android.widget.TextView[@text='Go to Promethean Cloud Coupler dev (unsafe)'] By Xpath successfully
2021-12-29 14:33:23.366 DEBUG Test worker/ElementHelper: waitUntilPresent(timeOut=3s,sleep=500ms): By.xpath: //*[contains(@text, 'luciferjiahui@gmail.com')]
2021-12-29 14:33:23.597 INFO  Test worker/TestRail: Case step: Cancel removed login Google Drive account
2021-12-29 14:33:23.599 DEBUG Test worker/ElementHelper: click: By.id: com.prometheanworld.cloudcoupler:id/settings
2021-12-29 14:33:23.703 INFO  Test worker/AppiumHelper: Click the com.prometheanworld.cloudcoupler:id/settings By ID successfully
2021-12-29 14:33:23.704 DEBUG Test worker/ElementHelper: click: By.id: com.prometheanworld.cloudcoupler:id/remove_account
2021-12-29 14:33:24.402 INFO  Test worker/AppiumHelper: Click the com.prometheanworld.cloudcoupler:id/remove_account By ID successfully
2021-12-29 14:33:24.404 DEBUG Test worker/ElementHelper: click: By.id: com.prometheanworld.cloudcoupler:id/cancel
2021-12-29 14:33:25.265 INFO  Test worker/AppiumHelper: Click the com.prometheanworld.cloudcoupler:id/cancel By ID successfully
2021-12-29 14:33:25.266 DEBUG Test worker/ElementHelper: waitUntilPresent(timeOut=3s,sleep=500ms): By.xpath: //*[contains(@text, 'luciferjiahui@gmail.com')]
2021-12-29 14:33:26.377 INFO  Test worker/TestRail: Case step: Removed login Google Drive account and close Cloud Connect app
2021-12-29 14:33:26.378 DEBUG Test worker/ElementHelper: click: By.id: com.prometheanworld.cloudcoupler:id/settings
2021-12-29 14:33:26.460 INFO  Test worker/AppiumHelper: Click the com.prometheanworld.cloudcoupler:id/settings By ID successfully
2021-12-29 14:33:26.461 DEBUG Test worker/ElementHelper: click: By.id: com.prometheanworld.cloudcoupler:id/remove_account
2021-12-29 14:33:27.315 INFO  Test worker/AppiumHelper: Click the com.prometheanworld.cloudcoupler:id/remove_account By ID successfully
2021-12-29 14:33:27.316 DEBUG Test worker/ElementHelper: click: By.id: com.prometheanworld.cloudcoupler:id/remove
2021-12-29 14:33:28.270 INFO  Test worker/AppiumHelper: Click the com.prometheanworld.cloudcoupler:id/remove By ID successfully
2021-12-29 14:33:31.271 DEBUG Test worker/ElementHelper: waitUntilPresent(timeOut=3s,sleep=500ms): By.xpath: //*[contains(@text, 'luciferjiahui@gmail.com')]
2021-12-29 14:33:34.311 DEBUG Test worker/ElementHelper: waitUntilPresent(timeOut=3s,sleep=500ms): By.id: com.prometheanworld.cloudcoupler:id/google_drive_btn
2021-12-29 14:33:34.345 DEBUG Test worker/ElementHelper: waitUntilPresent(timeOut=3s,sleep=500ms): By.id: com.prometheanworld.cloudcoupler:id/one_drive_btn
2021-12-29 14:33:34.382 DEBUG Test worker/ElementHelper: click: By.id: com.prometheanworld.cloudcoupler:id/close_button
2021-12-29 14:33:34.466 INFO  Test worker/AppiumHelper: Click the com.prometheanworld.cloudcoupler:id/close_button By ID successfully
2021-12-29 14:33:34.468 INFO  Test worker/CommonMethods: Inside method: addResultForTestCase
2021-12-29 14:33:34.469 INFO  Test worker/TestRail: Updating Test rail result
2021-12-29 14:33:39.142 INFO  Test worker/TestRail: TestRail API returned HTTP 400("Field :case_id is not a valid ID.")
2021-12-29 14:33:39.648 INFO  Test worker/TestRail: TestRail API returned HTTP 400("Field :case_id is not a valid ID.")
2021-12-29 14:33:39.650 INFO  Test worker/TestStatusListener: -------------Test C83116C83132SignInAndRemovedGoogleDriveAccountTest End---------------
]]></system-out>
  <system-err><![CDATA[十二月 29, 2021 2:31:53 下午 io.appium.java_client.remote.AppiumCommandExecutor$1 lambda$0
信息: Detected dialect: W3C
十二月 29, 2021 2:32:29 下午 io.appium.java_client.remote.AppiumCommandExecutor$1 lambda$0
信息: Detected dialect: W3C
]]></system-err>
</testsuite>
